<?xml version="1.0" encoding="UTF-8"?>
<testng-results ignored="0" total="1" passed="0" failed="1" skipped="0">
  <reporter-output>
  </reporter-output>
  <suite started-at="2021-08-08T11:22:48 IST" name="Default suite" finished-at="2021-08-08T11:26:57 IST" duration-ms="249444">
    <groups>
      <group name="cucumber">
        <method signature="AbstractTestNGCucumberTests.runScenario(io.cucumber.testng.PickleWrapper, io.cucumber.testng.FeatureWrapper)[pri:0, instance:MyRunner.Runner@1cbbffcd]" name="runScenario" class="io.cucumber.testng.AbstractTestNGCucumberTests"/>
      </group> <!-- cucumber -->
    </groups>
    <test started-at="2021-08-08T11:22:48 IST" name="Default test" finished-at="2021-08-08T11:26:57 IST" duration-ms="249444">
      <class name="MyRunner.Runner">
        <test-method is-config="true" signature="setUpClass()[pri:0, instance:MyRunner.Runner@1cbbffcd]" started-at="2021-08-08T11:22:48 IST" name="setUpClass" finished-at="2021-08-08T11:22:49 IST" duration-ms="1376" status="PASS">
          <reporter-output>
          </reporter-output>
        </test-method> <!-- setUpClass -->
        <test-method signature="runScenario(io.cucumber.testng.PickleWrapper, io.cucumber.testng.FeatureWrapper)[pri:0, instance:MyRunner.Runner@1cbbffcd]" started-at="2021-08-08T11:22:49 IST" name="runScenario" description="Runs Cucumber Scenarios" data-provider="scenarios" finished-at="2021-08-08T11:26:56 IST" duration-ms="247299" status="FAIL">
          <params>
            <param index="0">
              <value>
                <![CDATA["Search and Add Items"]]>
              </value>
            </param>
            <param index="1">
              <value>
                <![CDATA["Optional[Search and Add]"]]>
              </value>
            </param>
          </params>
          <exception class="java.lang.AssertionError">
            <message>
              <![CDATA[expected [Amazon Sign In] but found [Online Shopping site in India: Shop Online for Mobiles, Books, Watches, Shoes and More - Amazon.in]]]>
            </message>
            <full-stacktrace>
              <![CDATA[java.lang.AssertionError: expected [Amazon Sign In] but found [Online Shopping site in India: Shop Online for Mobiles, Books, Watches, Shoes and More - Amazon.in]
at org.testng.Assert.fail(Assert.java:99)
at org.testng.Assert.failNotEquals(Assert.java:1037)
at org.testng.Assert.assertEqualsImpl(Assert.java:140)
at org.testng.Assert.assertEquals(Assert.java:122)
at org.testng.Assert.assertEquals(Assert.java:629)
at org.testng.Assert.assertEquals(Assert.java:639)
at StepDefinition.Login.user_login_into_the_web(Login.java:29)
at âœ½.user login into the website(file:///D:/Automation/AmazonPractice/./src/main/java/Features/searchandadditems.feature:5)
]]>
            </full-stacktrace>
          </exception> <!-- java.lang.AssertionError -->
          <reporter-output>
          </reporter-output>
        </test-method> <!-- runScenario -->
        <test-method is-config="true" signature="tearDownClass()[pri:0, instance:MyRunner.Runner@1cbbffcd]" started-at="2021-08-08T11:26:56 IST" name="tearDownClass" finished-at="2021-08-08T11:26:57 IST" duration-ms="687" status="PASS">
          <reporter-output>
          </reporter-output>
        </test-method> <!-- tearDownClass -->
      </class> <!-- MyRunner.Runner -->
    </test> <!-- Default test -->
  </suite> <!-- Default suite -->
</testng-results>
